2021-03-20 13:39:37,070 [BombeRLeWorld] INFO: Initializing game world
2021-03-20 13:39:37,898 [BombeRLeWorld] INFO: STARTING ROUND #1
2021-03-20 13:39:38,805 [BombeRLeWorld] INFO: STARTING STEP 1
2021-03-20 13:39:38,807 [BombeRLeWorld] INFO: Agent <my_agent> chose action DOWN in 0.00s.
2021-03-20 13:39:38,807 [BombeRLeWorld] WARNING: Agent <my_agent> stayed within acceptable think time.
2021-03-20 13:39:40,118 [BombeRLeWorld] INFO: STARTING STEP 2
2021-03-20 13:39:40,121 [BombeRLeWorld] INFO: Agent <my_agent> chose action UP in 0.00s.
2021-03-20 13:39:40,122 [BombeRLeWorld] WARNING: Agent <my_agent> stayed within acceptable think time.
2021-03-20 13:39:41,326 [BombeRLeWorld] INFO: STARTING STEP 3
2021-03-20 13:39:41,334 [BombeRLeWorld] INFO: Agent <my_agent> chose action RIGHT in 0.00s.
2021-03-20 13:39:41,334 [BombeRLeWorld] WARNING: Agent <my_agent> stayed within acceptable think time.
2021-03-20 13:39:42,436 [BombeRLeWorld] INFO: STARTING STEP 4
2021-03-20 13:39:42,442 [BombeRLeWorld] INFO: Agent <my_agent> chose action LEFT in 0.00s.
2021-03-20 13:39:42,442 [BombeRLeWorld] WARNING: Agent <my_agent> stayed within acceptable think time.
2021-03-20 13:39:43,347 [BombeRLeWorld] INFO: STARTING STEP 5
2021-03-20 13:39:43,353 [BombeRLeWorld] INFO: Agent <my_agent> chose action UP in 0.00s.
2021-03-20 13:39:43,353 [BombeRLeWorld] WARNING: Agent <my_agent> stayed within acceptable think time.
2021-03-20 13:39:44,456 [BombeRLeWorld] INFO: STARTING STEP 6
2021-03-20 13:39:44,462 [BombeRLeWorld] INFO: Agent <my_agent> chose action UP in 0.00s.
2021-03-20 13:39:44,462 [BombeRLeWorld] WARNING: Agent <my_agent> stayed within acceptable think time.
2021-03-20 13:39:45,967 [BombeRLeWorld] INFO: STARTING STEP 7
2021-03-20 13:39:45,973 [BombeRLeWorld] INFO: Agent <my_agent> chose action LEFT in 0.00s.
2021-03-20 13:39:45,973 [BombeRLeWorld] WARNING: Agent <my_agent> stayed within acceptable think time.
2021-03-20 13:39:48,785 [BombeRLeWorld] INFO: STARTING STEP 8
2021-03-20 13:39:48,791 [BombeRLeWorld] INFO: Agent <my_agent> chose action WAIT in 0.00s.
2021-03-20 13:39:48,791 [BombeRLeWorld] WARNING: Agent <my_agent> stayed within acceptable think time.
2021-03-20 13:39:50,093 [BombeRLeWorld] INFO: STARTING STEP 9
2021-03-20 13:39:50,099 [BombeRLeWorld] INFO: Agent <my_agent> chose action LEFT in 0.00s.
2021-03-20 13:39:50,099 [BombeRLeWorld] WARNING: Agent <my_agent> stayed within acceptable think time.
2021-03-20 13:39:51,705 [BombeRLeWorld] INFO: STARTING STEP 10
2021-03-20 13:39:51,753 [BombeRLeWorld] INFO: Agent <my_agent> chose action DOWN in 0.00s.
2021-03-20 13:39:51,754 [BombeRLeWorld] WARNING: Agent <my_agent> stayed within acceptable think time.
2021-03-20 13:39:52,659 [BombeRLeWorld] INFO: STARTING STEP 11
2021-03-20 13:39:52,664 [BombeRLeWorld] INFO: Agent <my_agent> chose action UP in 0.00s.
2021-03-20 13:39:52,664 [BombeRLeWorld] WARNING: Agent <my_agent> stayed within acceptable think time.
2021-03-20 13:39:54,471 [BombeRLeWorld] INFO: STARTING STEP 12
2021-03-20 13:39:54,477 [BombeRLeWorld] INFO: Agent <my_agent> chose action DOWN in 0.00s.
2021-03-20 13:39:54,477 [BombeRLeWorld] WARNING: Agent <my_agent> stayed within acceptable think time.
2021-03-20 13:39:56,519 [BombeRLeWorld] INFO: WRAPPING UP ROUND #1
2021-03-20 13:39:56,519 [BombeRLeWorld] INFO: SHUT DOWN
